#
# There is insufficient memory for the Java Runtime Environment to continue.
# Native memory allocation (malloc) failed to allocate 731056 bytes for Chunk::new
# Possible reasons:
#   The system is out of physical RAM or swap space
#   In 32 bit mode, the process size limit was hit
# Possible solutions:
#   Reduce memory load on the system
#   Increase physical memory or swap space
#   Check if swap backing store is full
#   Use 64 bit Java on a 64 bit OS
#   Decrease Java heap size (-Xmx/-Xms)
#   Decrease number of Java threads
#   Decrease Java thread stack sizes (-Xss)
#   Set larger code cache with -XX:ReservedCodeCacheSize=
# This output file may be truncated or incomplete.
#
#  Out of Memory Error (allocation.cpp:390), pid=16052, tid=0x0000000000002d34
#
# JRE version: Java(TM) SE Runtime Environment (8.0_92-b14) (build 1.8.0_92-b14)
# Java VM: Java HotSpot(TM) 64-Bit Server VM (25.92-b14 mixed mode windows-amd64 compressed oops)
# Failed to write core dump. Minidumps are not enabled by default on client versions of Windows
#

---------------  T H R E A D  ---------------

Current thread (0x00000000198b8800):  JavaThread "C2 CompilerThread1" daemon [_thread_in_native, id=11572, stack(0x000000001a1a0000,0x000000001a2a0000)]

Stack: [0x000000001a1a0000,0x000000001a2a0000]
[error occurred during error reporting (printing stack bounds), id 0xc0000005]

Native frames: (J=compiled Java code, j=interpreted, Vv=VM code, C=native code)


Current CompileTask:
C2:   3436 1479       4       java.net.URLStreamHandler::parseURL (1158 bytes)


---------------  P R O C E S S  ---------------

Java Threads: ( => current thread )
  0x000000001ba08800 JavaThread "Okio Watchdog" daemon [_thread_blocked, id=12740, stack(0x000000001d1b0000,0x000000001d2b0000)]
  0x000000001ba40800 JavaThread "OkHttp ConnectionPool" daemon [_thread_blocked, id=14244, stack(0x000000001d0b0000,0x000000001d1b0000)]
  0x000000001b97e800 JavaThread "ForkJoinPool.commonPool-worker-1" daemon [_thread_blocked, id=15940, stack(0x000000001cdb0000,0x000000001ceb0000)]
  0x000000001af76800 JavaThread "Exec Stream Pumper" daemon [_thread_in_native, id=11796, stack(0x000000001ccb0000,0x000000001cdb0000)]
  0x000000001af76000 JavaThread "Exec Stream Pumper" daemon [_thread_in_native, id=14788, stack(0x000000001cbb0000,0x000000001ccb0000)]
  0x000000001af75000 JavaThread "Exec Default Executor" daemon [_thread_in_native, id=4532, stack(0x000000001cab0000,0x000000001cbb0000)]
  0x000000001a9ab000 JavaThread "ReaderThread" [_thread_in_native, id=16120, stack(0x000000001b3e0000,0x000000001b4e0000)]
  0x0000000019935800 JavaThread "Service Thread" daemon [_thread_blocked, id=8268, stack(0x000000001a4a0000,0x000000001a5a0000)]
  0x00000000198bf800 JavaThread "C1 CompilerThread3" daemon [_thread_blocked, id=1348, stack(0x000000001a3a0000,0x000000001a4a0000)]
  0x00000000198bd000 JavaThread "C2 CompilerThread2" daemon [_thread_blocked, id=4456, stack(0x000000001a2a0000,0x000000001a3a0000)]
=>0x00000000198b8800 JavaThread "C2 CompilerThread1" daemon [_thread_in_native, id=11572, stack(0x000000001a1a0000,0x000000001a2a0000)]
  0x00000000198b2000 JavaThread "C2 CompilerThread0" daemon [_thread_blocked, id=11328, stack(0x000000001a0a0000,0x000000001a1a0000)]
  0x00000000198ac800 JavaThread "Attach Listener" daemon [_thread_blocked, id=15616, stack(0x0000000019fa0000,0x000000001a0a0000)]
  0x000000001798e800 JavaThread "Signal Dispatcher" daemon [_thread_blocked, id=8616, stack(0x0000000019ea0000,0x0000000019fa0000)]
  0x00000000198a0800 JavaThread "Finalizer" daemon [_thread_blocked, id=14124, stack(0x0000000019c80000,0x0000000019d80000)]
  0x00000000029f8800 JavaThread "Reference Handler" daemon [_thread_blocked, id=16360, stack(0x0000000019780000,0x0000000019880000)]
  0x0000000002904000 JavaThread "main" [_thread_in_vm, id=14844, stack(0x0000000002780000,0x0000000002880000)]

Other Threads:
  0x0000000017979800 VMThread [stack: 0x0000000019680000,0x0000000019780000] [id=13716]
  0x0000000019971000 WatcherThread [stack: 0x000000001a5a0000,0x000000001a6a0000] [id=8372]

VM state:not at safepoint (normal execution)

VM Mutex/Monitor currently owned by a thread: None

Heap:
 PSYoungGen      total 38400K, used 18442K [0x00000000d5f00000, 0x00000000d8980000, 0x0000000100000000)
  eden space 33280K, 40% used [0x00000000d5f00000,0x00000000d6c07ae0,0x00000000d7f80000)
  from space 5120K, 99% used [0x00000000d8480000,0x00000000d897b098,0x00000000d8980000)
  to   space 5120K, 0% used [0x00000000d7f80000,0x00000000d7f80000,0x00000000d8480000)
 ParOldGen       total 87552K, used 3855K [0x0000000081c00000, 0x0000000087180000, 0x00000000d5f00000)
  object space 87552K, 4% used [0x0000000081c00000,0x0000000081fc3dd8,0x0000000087180000)
 Metaspace       used 20219K, capacity 21006K, committed 21248K, reserved 1069056K
  class space    used 2539K, capacity 2747K, committed 2816K, reserved 1048576K

Card table byte_map: [0x0000000011dc0000,0x00000000121c0000] byte_map_base: 0x00000000119b2000

Marking Bits: (ParMarkBitMap*) 0x000000005c6664f0
 Begin Bits: [0x0000000012c70000, 0x0000000014c00000)
 End Bits:   [0x0000000014c00000, 0x0000000016b90000)

Polling page: 0x0000000000f30000

CodeCache: size=245760Kb used=4864Kb max_used=4874Kb free=240895Kb
 bounds [0x0000000002a00000, 0x0000000002ed0000, 0x0000000011a00000]
 total_blobs=1902 nmethods=1488 adapters=327
 compilation: enabled

Compilation events (10 events):
Event: 3.374 Thread 0x00000000198bf800 1485       3       java.util.regex.Matcher::<init> (84 bytes)
Event: 3.375 Thread 0x00000000198bf800 nmethod 1485 0x0000000002ec1650 code [0x0000000002ec17e0, 0x0000000002ec1ca8]
Event: 3.375 Thread 0x00000000198bf800 1486       1       java.util.TreeMap::access$100 (5 bytes)
Event: 3.375 Thread 0x00000000198bf800 nmethod 1486 0x0000000002ec1390 code [0x0000000002ec14e0, 0x0000000002ec15d0]
Event: 3.383 Thread 0x00000000198b2000 1487   !   4       java.util.zip.Inflater::inflate (113 bytes)
Event: 3.386 Thread 0x00000000198b2000 nmethod 1487 0x0000000002ec4b50 code [0x0000000002ec4ca0, 0x0000000002ec5168]
Event: 3.418 Thread 0x00000000198bd000 1488       4       java.nio.DirectLongBufferU::put (18 bytes)
Event: 3.418 Thread 0x00000000198bd000 nmethod 1488 0x0000000002ebf990 code [0x0000000002ebfac0, 0x0000000002ebfb58]
Event: 3.429 Thread 0x00000000198bf800 1489       3       org.apache.xmlbeans.impl.schema.SchemaTypeImpl::assertResolving (24 bytes)
Event: 3.429 Thread 0x00000000198bf800 nmethod 1489 0x0000000002ec41d0 code [0x0000000002ec4340, 0x0000000002ec45c8]

GC Heap History (4 events):
Event: 1.157 GC heap before
{Heap before GC invocations=1 (full 0):
 PSYoungGen      total 38400K, used 33280K [0x00000000d5f00000, 0x00000000d8980000, 0x0000000100000000)
  eden space 33280K, 100% used [0x00000000d5f00000,0x00000000d7f80000,0x00000000d7f80000)
  from space 5120K, 0% used [0x00000000d8480000,0x00000000d8480000,0x00000000d8980000)
  to   space 5120K, 0% used [0x00000000d7f80000,0x00000000d7f80000,0x00000000d8480000)
 ParOldGen       total 87552K, used 0K [0x0000000081c00000, 0x0000000087180000, 0x00000000d5f00000)
  object space 87552K, 0% used [0x0000000081c00000,0x0000000081c00000,0x0000000087180000)
 Metaspace       used 12150K, capacity 12384K, committed 12672K, reserved 1060864K
  class space    used 1499K, capacity 1572K, committed 1664K, reserved 1048576K
Event: 1.163 GC heap after
Heap after GC invocations=1 (full 0):
 PSYoungGen      total 38400K, used 5103K [0x00000000d5f00000, 0x00000000d8980000, 0x0000000100000000)
  eden space 33280K, 0% used [0x00000000d5f00000,0x00000000d5f00000,0x00000000d7f80000)
  from space 5120K, 99% used [0x00000000d7f80000,0x00000000d847bea8,0x00000000d8480000)
  to   space 5120K, 0% used [0x00000000d8480000,0x00000000d8480000,0x00000000d8980000)
 ParOldGen       total 87552K, used 925K [0x0000000081c00000, 0x0000000087180000, 0x00000000d5f00000)
  object space 87552K, 1% used [0x0000000081c00000,0x0000000081ce75b8,0x0000000087180000)
 Metaspace       used 12150K, capacity 12384K, committed 12672K, reserved 1060864K
  class space    used 1499K, capacity 1572K, committed 1664K, reserved 1048576K
}
Event: 3.284 GC heap before
{Heap before GC invocations=2 (full 0):
 PSYoungGen      total 38400K, used 38383K [0x00000000d5f00000, 0x00000000d8980000, 0x0000000100000000)
  eden space 33280K, 100% used [0x00000000d5f00000,0x00000000d7f80000,0x00000000d7f80000)
  from space 5120K, 99% used [0x00000000d7f80000,0x00000000d847bea8,0x00000000d8480000)
  to   space 5120K, 0% used [0x00000000d8480000,0x00000000d8480000,0x00000000d8980000)
 ParOldGen       total 87552K, used 925K [0x0000000081c00000, 0x0000000087180000, 0x00000000d5f00000)
  object space 87552K, 1% used [0x0000000081c00000,0x0000000081ce75b8,0x0000000087180000)
 Metaspace       used 18077K, capacity 18914K, committed 19200K, reserved 1067008K
  class space    used 2289K, capacity 2519K, committed 2560K, reserved 1048576K
Event: 3.292 GC heap after
Heap after GC invocations=2 (full 0):
 PSYoungGen      total 38400K, used 5100K [0x00000000d5f00000, 0x00000000d8980000, 0x0000000100000000)
  eden space 33280K, 0% used [0x00000000d5f00000,0x00000000d5f00000,0x00000000d7f80000)
  from space 5120K, 99% used [0x00000000d8480000,0x00000000d897b098,0x00000000d8980000)
  to   space 5120K, 0% used [0x00000000d7f80000,0x00000000d7f80000,0x00000000d8480000)
 ParOldGen       total 87552K, used 3855K [0x0000000081c00000, 0x0000000087180000, 0x00000000d5f00000)
  object space 87552K, 4% used [0x0000000081c00000,0x0000000081fc3dd8,0x0000000087180000)
 Metaspace       used 18077K, capacity 18914K, committed 19200K, reserved 1067008K
  class space    used 2289K, capacity 2519K, committed 2560K, reserved 1048576K
}

Deoptimization events (10 events):
Event: 3.182 Thread 0x0000000002904000 Uncommon trap: reason=class_check action=maybe_recompile pc=0x0000000002e63dc4 method=org.openqa.selenium.json.Input.init()V @ 18
Event: 3.182 Thread 0x0000000002904000 Uncommon trap: reason=class_check action=maybe_recompile pc=0x0000000002e63dc4 method=org.openqa.selenium.json.Input.init()V @ 18
Event: 3.182 Thread 0x0000000002904000 Uncommon trap: reason=class_check action=maybe_recompile pc=0x0000000002e63dc4 method=org.openqa.selenium.json.Input.init()V @ 18
Event: 3.182 Thread 0x0000000002904000 Uncommon trap: reason=class_check action=maybe_recompile pc=0x0000000002e63dc4 method=org.openqa.selenium.json.Input.init()V @ 18
Event: 3.204 Thread 0x0000000002904000 Uncommon trap: reason=unstable_if action=reinterpret pc=0x0000000002e332e0 method=java.util.concurrent.ConcurrentHashMap.get(Ljava/lang/Object;)Ljava/lang/Object; @ 76
Event: 3.204 Thread 0x0000000002904000 Uncommon trap: reason=unstable_if action=reinterpret pc=0x0000000002e78748 method=java.util.concurrent.ConcurrentHashMap.putVal(Ljava/lang/Object;Ljava/lang/Object;Z)Ljava/lang/Object; @ 195
Event: 3.206 Thread 0x0000000002904000 Uncommon trap: reason=unstable_if action=reinterpret pc=0x0000000002d1b180 method=java.util.HashMap.hash(Ljava/lang/Object;)I @ 1
Event: 3.206 Thread 0x0000000002904000 Uncommon trap: reason=unstable_if action=reinterpret pc=0x0000000002d41428 method=java.util.HashMap.hash(Ljava/lang/Object;)I @ 1
Event: 3.314 Thread 0x0000000002904000 Uncommon trap: reason=unstable_if action=reinterpret pc=0x0000000002e7a240 method=java.util.regex.Pattern$Slice.match(Ljava/util/regex/Matcher;ILjava/lang/CharSequence;)Z @ 29
Event: 3.372 Thread 0x0000000002904000 Uncommon trap: reason=predicate action=maybe_recompile pc=0x0000000002ddaf80 method=java.lang.String.regionMatches(ZILjava/lang/String;II)Z @ 63

Internal exceptions (10 events):
Event: 1.037 Thread 0x0000000002904000 Exception <a 'java/lang/ClassNotFoundException': com/aventstack/extentreports/StatusCustomizer> (0x00000000d787baf8) thrown at [D:\re\workspace\8-2-build-windows-amd64-cygwin\jdk8u92\6642\hotspot\src\share\vm\classfile\systemDictionary.cpp, line 210]
Event: 1.087 Thread 0x0000000002904000 Exception <a 'java/lang/IncompatibleClassChangeError': Found class java.lang.Object, but interface was expected> (0x00000000d7c3be70) thrown at [D:\re\workspace\8-2-build-windows-amd64-cygwin\jdk8u92\6642\hotspot\src\share\vm\interpreter\linkResolver.cpp, ë¯À›ùK˝?
Event: 1.831 Thread 0x0000000002904000 Exception <a 'java/lang/IncompatibleClassChangeError': Found class java.lang.Object, but interface was expected> (0x00000000d6a8f910) thrown at [D:\re\workspace\8-2-build-windows-amd64-cygwin\jdk8u92\6642\hotspot\src\share\vm\interpreter\linkResolver.cpp, 
Event: 1.833 Thread 0x0000000002904000 Exception <a 'java/lang/NoSuchMethodError': java.lang.Object.lambda$or$2(Ljava/util/function/Predicate;Ljava/lang/Object;)Z> (0x00000000d6a9d660) thrown at [D:\re\workspace\8-2-build-windows-amd64-cygwin\jdk8u92\6642\hotspot\src\share\vm\interpreter\linkReÏÛïõ˛?
Event: 1.876 Thread 0x0000000002904000 Exception <a 'java/lang/NoSuchMethodError': java.lang.Object.lambda$chars$0()Ljava/util/Spliterator$OfInt;> (0x00000000d6cde8a0) thrown at [D:\re\workspace\8-2-build-windows-amd64-cygwin\jdk8u92\6642\hotspot\src\share\vm\interpreter\linkResolver.cpp, line Í˜≥˝y	@
Event: 3.185 Thread 0x0000000002904000 Exception <a 'java/lang/NoSuchMethodError': java.lang.Object.lambda$getResponseFunction$0(Lorg/openqa/selenium/remote/InitialHandshakeResponse;)Lorg/openqa/selenium/remote/ProtocolHandshake$Result;> (0x00000000d77492a0) thrown at [D:\re\workspace\8-2-buildÇª˝ˆÇ	@
Event: 3.189 Thread 0x0000000002904000 Exception <a 'java/lang/NoSuchMethodError': java.lang.Object.lambda$comparingInt$7b0bb60$1(Ljava/util/function/ToIntFunction;Ljava/lang/Object;Ljava/lang/Object;)I> (0x00000000d7772d00) thrown at [D:\re\workspace\8-2-build-windows-amd64-cygwin\jdk8u92\6642[û®∂ï	@
Event: 3.198 Thread 0x0000000002904000 Exception <a 'java/lang/reflect/InvocationTargetException'> (0x00000000d7799ac8) thrown at [D:\re\workspace\8-2-build-windows-amd64-cygwin\jdk8u92\6642\hotspot\src\share\vm\runtime\reflection.cpp, line 1092]
Event: 3.206 Thread 0x0000000002904000 Implicit null exception at 0x0000000002d1acdb to 0x0000000002d1b165
Event: 3.206 Thread 0x0000000002904000 Implicit null exception at 0x0000000002d413af to 0x0000000002d41419

Events (10 events):
Event: 3.432 loading class org/apache/xmlbeans/impl/regex/Op$ConditionOp
Event: 3.432 loading class org/apache/xmlbeans/impl/regex/Op$ConditionOp done
Event: 3.433 loading class org/apache/xmlbeans/impl/regex/RegexParser
Event: 3.433 loading class org/apache/xmlbeans/impl/regex/RegexParser done
Event: 3.434 loading class org/apache/xmlbeans/impl/regex/ParserForXMLSchema
Event: 3.434 loading class org/apache/xmlbeans/impl/regex/ParserForXMLSchema done
Event: 3.435 loading class org/apache/xmlbeans/impl/regex/SchemaRegularExpression$1
Event: 3.435 loading class org/apache/xmlbeans/impl/regex/SchemaRegularExpression$1 done
Event: 3.435 loading class org/apache/xmlbeans/impl/regex/REUtil
Event: 3.435 loading class org/apache/xmlbeans/impl/regex/REUtil done


Dynamic libraries:
0x00007ff612490000 - 0x00007ff6124c7000 	C:\imbus\Eclipse\eclipse\jre1.8.0_92\bin\javaw.exe
0x00007ff85bdd0000 - 0x00007ff85bfb1000 	C:\WINDOWS\SYSTEM32\ntdll.dll
0x00007ff859350000 - 0x00007ff859402000 	C:\WINDOWS\System32\KERNEL32.DLL
0x00007ff858c50000 - 0x00007ff858ec3000 	C:\WINDOWS\System32\KERNELBASE.dll
0x00007ff8592a0000 - 0x00007ff859341000 	C:\WINDOWS\System32\ADVAPI32.dll
0x00007ff85b330000 - 0x00007ff85b3ce000 	C:\WINDOWS\System32\msvcrt.dll
0x00007ff85bc60000 - 0x00007ff85bcbb000 	C:\WINDOWS\System32\sechost.dll
0x00007ff85b3e0000 - 0x00007ff85b504000 	C:\WINDOWS\System32\RPCRT4.dll
0x00007ff85b840000 - 0x00007ff85b9d0000 	C:\WINDOWS\System32\USER32.dll
0x00007ff858250000 - 0x00007ff858270000 	C:\WINDOWS\System32\win32u.dll
0x00007ff859260000 - 0x00007ff859288000 	C:\WINDOWS\System32\GDI32.dll
0x00007ff858ed0000 - 0x00007ff859062000 	C:\WINDOWS\System32\gdi32full.dll
0x00007ff858bb0000 - 0x00007ff858c4f000 	C:\WINDOWS\System32\msvcp_win.dll
0x00007ff8582d0000 - 0x00007ff8583ca000 	C:\WINDOWS\System32\ucrtbase.dll
0x00007ff83d270000 - 0x00007ff83d4d9000 	C:\WINDOWS\WinSxS\amd64_microsoft.windows.common-controls_6595b64144ccf1df_6.0.17134.556_none_fb439e4b3064774e\COMCTL32.dll
0x00007ff85b510000 - 0x00007ff85b832000 	C:\WINDOWS\System32\combase.dll
0x00007ff8583d0000 - 0x00007ff85844a000 	C:\WINDOWS\System32\bcryptPrimitives.dll
0x00007ff85ba80000 - 0x00007ff85baad000 	C:\WINDOWS\System32\IMM32.DLL
0x000000005ba40000 - 0x000000005bb12000 	C:\imbus\Eclipse\eclipse\jre1.8.0_92\bin\msvcr100.dll
0x000000005be50000 - 0x000000005c6e6000 	C:\imbus\Eclipse\eclipse\jre1.8.0_92\bin\server\jvm.dll
0x00007ff85b3d0000 - 0x00007ff85b3d8000 	C:\WINDOWS\System32\PSAPI.DLL
0x00007ff835940000 - 0x00007ff835949000 	C:\WINDOWS\SYSTEM32\WSOCK32.dll
0x00007ff84e6a0000 - 0x00007ff84e6c3000 	C:\WINDOWS\SYSTEM32\WINMM.dll
0x00007ff85bab0000 - 0x00007ff85bb1c000 	C:\WINDOWS\System32\WS2_32.dll
0x00007ff846e30000 - 0x00007ff846e3a000 	C:\WINDOWS\SYSTEM32\VERSION.dll
0x00007ff84e670000 - 0x00007ff84e69a000 	C:\WINDOWS\SYSTEM32\winmmbase.dll
0x00007ff858450000 - 0x00007ff858499000 	C:\WINDOWS\System32\cfgmgr32.dll
0x000000005be40000 - 0x000000005be4f000 	C:\imbus\Eclipse\eclipse\jre1.8.0_92\bin\verify.dll
0x000000005be10000 - 0x000000005be39000 	C:\imbus\Eclipse\eclipse\jre1.8.0_92\bin\java.dll
0x000000005bdf0000 - 0x000000005be06000 	C:\imbus\Eclipse\eclipse\jre1.8.0_92\bin\zip.dll
0x00007ff8598a0000 - 0x00007ff85ace0000 	C:\WINDOWS\System32\SHELL32.dll
0x00007ff85b9d0000 - 0x00007ff85ba79000 	C:\WINDOWS\System32\shcore.dll
0x00007ff8584a0000 - 0x00007ff858bad000 	C:\WINDOWS\System32\windows.storage.dll
0x00007ff85bb30000 - 0x00007ff85bb81000 	C:\WINDOWS\System32\shlwapi.dll
0x00007ff858160000 - 0x00007ff858171000 	C:\WINDOWS\System32\kernel.appcore.dll
0x00007ff858180000 - 0x00007ff85819f000 	C:\WINDOWS\System32\profapi.dll
0x00007ff858110000 - 0x00007ff85815c000 	C:\WINDOWS\System32\powrprof.dll
0x00007ff8580e0000 - 0x00007ff8580ea000 	C:\WINDOWS\System32\FLTLIB.DLL
0x000000005bdd0000 - 0x000000005bdea000 	C:\imbus\Eclipse\eclipse\jre1.8.0_92\bin\net.dll
0x00007ff857910000 - 0x00007ff857976000 	C:\WINDOWS\system32\mswsock.dll
0x00007ff8576e0000 - 0x00007ff85779e000 	C:\WINDOWS\SYSTEM32\DNSAPI.dll
0x00007ff85bb20000 - 0x00007ff85bb28000 	C:\WINDOWS\System32\NSI.dll
0x00007ff8576a0000 - 0x00007ff8576d8000 	C:\WINDOWS\SYSTEM32\IPHLPAPI.DLL
0x00007ff84d5c0000 - 0x00007ff84d5ca000 	C:\Windows\System32\rasadhlp.dll
0x00007ff852e40000 - 0x00007ff852eb2000 	C:\WINDOWS\System32\fwpuclnt.dll
0x00007ff857c70000 - 0x00007ff857c95000 	C:\WINDOWS\SYSTEM32\bcrypt.dll
0x00007ff857e40000 - 0x00007ff857e57000 	C:\WINDOWS\SYSTEM32\CRYPTSP.dll
0x00007ff857500000 - 0x00007ff857533000 	C:\WINDOWS\system32\rsaenh.dll
0x00007ff857fe0000 - 0x00007ff858008000 	C:\WINDOWS\SYSTEM32\USERENV.dll
0x00007ff857a70000 - 0x00007ff857a7b000 	C:\WINDOWS\SYSTEM32\CRYPTBASE.dll
0x00007ff852660000 - 0x00007ff852676000 	C:\WINDOWS\SYSTEM32\dhcpcsvc6.DLL
0x00007ff852510000 - 0x00007ff85252a000 	C:\WINDOWS\SYSTEM32\dhcpcsvc.DLL
0x000000005bdb0000 - 0x000000005bdc1000 	C:\imbus\Eclipse\eclipse\jre1.8.0_92\bin\nio.dll
0x000000005bd80000 - 0x000000005bda4000 	C:\imbus\Eclipse\eclipse\jre1.8.0_92\bin\sunec.dll
0x000000005bd70000 - 0x000000005bd7b000 	C:\imbus\Eclipse\eclipse\jre1.8.0_92\bin\sunmscapi.dll
0x00007ff859070000 - 0x00007ff859252000 	C:\WINDOWS\System32\CRYPT32.dll
0x00007ff8580f0000 - 0x00007ff858102000 	C:\WINDOWS\System32\MSASN1.dll
0x00007ff843110000 - 0x00007ff843126000 	C:\WINDOWS\system32\napinsp.dll
0x00007ff843060000 - 0x00007ff84307a000 	C:\WINDOWS\system32\pnrpnsp.dll
0x00007ff8540b0000 - 0x00007ff8540c9000 	C:\WINDOWS\system32\NLAapi.dll
0x00007ff846df0000 - 0x00007ff846dfe000 	C:\WINDOWS\System32\winrnr.dll
0x00007ff850c60000 - 0x00007ff850c75000 	C:\WINDOWS\System32\wshbth.dll

VM Arguments:
jvm_args: -ea -Dfile.encoding=Cp1252 
java_command: org.testng.remote.RemoteTestNG -serport 58859 -protocol json -d C:\imbus\Eclipse\eclipse\Workspace\SeleniumFramework\test-output C:\Users\mohamedk\AppData\Local\Temp\testng-eclipse--1048826885\testng-customsuite.xml
java_class_path (initial): C:\imbus\Eclipse\eclipse\configuration\org.eclipse.osgi\657\0\.cp\lib\testng-remote.jar;C:\imbus\Eclipse\eclipse\Workspace\SeleniumFramework\target\test-classes;C:\imbus\Eclipse\eclipse\Workspace\SeleniumFramework\target\classes;C:\Users\mohamedk\.m2\repository\org\seleniumhq\selenium\selenium-java\3.141.59\selenium-java-3.141.59.jar;C:\Users\mohamedk\.m2\repository\org\seleniumhq\selenium\selenium-chrome-driver\3.141.59\selenium-chrome-driver-3.141.59.jar;C:\Users\mohamedk\.m2\repository\org\seleniumhq\selenium\selenium-edge-driver\3.141.59\selenium-edge-driver-3.141.59.jar;C:\Users\mohamedk\.m2\repository\org\seleniumhq\selenium\selenium-firefox-driver\3.141.59\selenium-firefox-driver-3.141.59.jar;C:\Users\mohamedk\.m2\repository\org\seleniumhq\selenium\selenium-ie-driver\3.141.59\selenium-ie-driver-3.141.59.jar;C:\Users\mohamedk\.m2\repository\org\seleniumhq\selenium\selenium-opera-driver\3.141.59\selenium-opera-driver-3.141.59.jar;C:\Users\mohamedk\.m2\repository\org\seleniumhq\selenium\selenium-remote-driver\3.141.59\selenium-remote-driver-3.141.59.jar;C:\Users\mohamedk\.m2\repository\org\seleniumhq\selenium\selenium-safari-driver\3.141.59\selenium-safari-driver-3.141.59.jar;C:\Users\mohamedk\.m2\repository\org\seleniumhq\selenium\selenium-support\3.141.59\selenium-support-3.141.59.jar;C:\Users\mohamedk\.m2\repository\net\bytebuddy\byte-buddy\1.8.15\byte-buddy-1.8.15.jar;C:\Users\mohamedk\.m2\repository\org\apache\commons\commons-exec\1.3\commons-exec-1.3.jar;C:\Users\mohamedk\.m2\repository\com\google\guava\guava\25.0-jre\guava-25.0-jre.jar;C:\Users\mohamedk\.m2\repository\com\google\code\findbugs\jsr305\1.3.9\jsr305-1.3.9.jar;C:\Users\mohamedk\.m2\repository\org\checkerframework\checker-compat-qual\2.0.0\checker-compat-qual-2.0.0.jar;C:\Users\mohamedk\.m2\repository\com\google\errorprone\error_prone_annotations\2.1.3\error_prone_annotations-2.1.3.jar;C:\Users\mohamedk\.m2\repository\com\google\j2objc\j2objc-annotations\1.1\j2objc-
Launcher Type: SUN_STANDARD

Environment Variables:
JAVA_HOME=C:\Program Files\Java\jdk1.8.0_191
USERNAME=mohamedk
OS=Windows_NT
PROCESSOR_IDENTIFIER=Intel64 Family 6 Model 60 Stepping 3, GenuineIntel



---------------  S Y S T E M  ---------------

OS: Windows 10.0 , 64 bit Build 17134 (10.0.17134.556)

CPU:total 8 (4 cores per cpu, 2 threads per core) family 6 model 60 stepping 3, cmov, cx8, fxsr, mmx, sse, sse2, sse3, ssse3, sse4.1, sse4.2, popcnt, avx, avx2, aes, clmul, erms, lzcnt, ht, tsc, tscinvbit, bmi1, bmi2

Memory: 4k page, physical 8267648k(1222288k free), swap 12461952k(5252k free)

vm_info: Java HotSpot(TM) 64-Bit Server VM (25.92-b14) for windows-amd64 JRE (1.8.0_92-b14), built on Mar 31 2016 21:03:04 by "java_re" with MS VC++ 10.0 (VS2010)

time: Thu Mar 28 15:10:37 2019
elapsed time: 3 seconds (0d 0h 0m 3s)

